0 info it worked if it ends with ok
1 verbose cli [ 'node', '/usr/local/bin/npm', 'publish' ]
2 info using npm@1.1.65
3 info using node@v0.8.14
4 verbose publish [ '.' ]
5 verbose read json /Users/raganwald/Dropbox/sites/allong-es.github.com/package.json
6 verbose cache add [ '.', null ]
7 silly cache add name=undefined spec="." args=[".",null]
8 verbose parsed url { pathname: '.', path: '.', href: '.' }
9 silly lockFile 3a52ce78- .
10 verbose lock . /Users/raganwald/.npm/3a52ce78-.lock
11 verbose read json package.json
12 verbose tar pack [ '/var/folders/ch/wckmvk8s3fg32hp4ww814k0w0000gn/T/npm-3200/1358016791273-0.907300605205819/tmp.tgz',
12 verbose tar pack   '.' ]
13 verbose tarball /var/folders/ch/wckmvk8s3fg32hp4ww814k0w0000gn/T/npm-3200/1358016791273-0.907300605205819/tmp.tgz
14 verbose folder .
15 info prepublish allong.es@0.0.1
16 silly lockFile 87a68ccd-791273-0-907300605205819-tmp-tgz /var/folders/ch/wckmvk8s3fg32hp4ww814k0w0000gn/T/npm-3200/1358016791273-0.907300605205819/tmp.tgz
17 verbose lock /var/folders/ch/wckmvk8s3fg32hp4ww814k0w0000gn/T/npm-3200/1358016791273-0.907300605205819/tmp.tgz /Users/raganwald/.npm/87a68ccd-791273-0-907300605205819-tmp-tgz.lock
18 silly lockFile 87a68ccd-791273-0-907300605205819-tmp-tgz /var/folders/ch/wckmvk8s3fg32hp4ww814k0w0000gn/T/npm-3200/1358016791273-0.907300605205819/tmp.tgz
19 verbose tar unpack /var/folders/ch/wckmvk8s3fg32hp4ww814k0w0000gn/T/npm-3200/1358016791273-0.907300605205819/tmp.tgz
20 silly lockFile 9a956531-791273-0-907300605205819-package /var/folders/ch/wckmvk8s3fg32hp4ww814k0w0000gn/T/npm-3200/1358016791273-0.907300605205819/package
21 verbose lock /var/folders/ch/wckmvk8s3fg32hp4ww814k0w0000gn/T/npm-3200/1358016791273-0.907300605205819/package /Users/raganwald/.npm/9a956531-791273-0-907300605205819-package.lock
22 silly gunzTarPerm modes [ '755', '644' ]
23 silly gunzTarPerm extractEntry package.json
24 silly gunzTarPerm extractEntry lib/allong.es.js
25 silly gunzTarPerm extractEntry images/bkg.png
26 silly gunzTarPerm modified mode [ 'images/bkg.png', 438, 420 ]
27 silly gunzTarPerm extractEntry images/blacktocat.png
28 silly gunzTarPerm modified mode [ 'images/blacktocat.png', 438, 420 ]
29 silly gunzTarPerm extractEntry index.html
30 silly gunzTarPerm extractEntry js/jquery-1.8.3.min.js
31 silly gunzTarPerm extractEntry js/repo.min.js
32 silly gunzTarPerm extractEntry essays/combinators_1.md
33 silly gunzTarPerm modified mode [ 'essays/combinators_1.md', 438, 420 ]
34 silly gunzTarPerm extractEntry essays/combinators_2.md
35 silly gunzTarPerm modified mode [ 'essays/combinators_2.md', 438, 420 ]
36 silly gunzTarPerm extractEntry essays/end_of_days_ellipses.md
37 silly gunzTarPerm modified mode [ 'essays/end_of_days_ellipses.md', 438, 420 ]
38 silly gunzTarPerm extractEntry essays/practical-applications-of-partial-application.md
39 silly gunzTarPerm modified mode [ 'essays/practical-applications-of-partial-application.md',
39 silly gunzTarPerm   438,
39 silly gunzTarPerm   420 ]
40 silly gunzTarPerm extractEntry essays/TODO.md
41 silly gunzTarPerm extractEntry CNAME
42 silly gunzTarPerm extractEntry params.json
43 silly gunzTarPerm modified mode [ 'params.json', 438, 420 ]
44 silly gunzTarPerm extractEntry readme.md
45 silly gunzTarPerm extractEntry stylesheets/pygment_trac.css
46 silly gunzTarPerm modified mode [ 'stylesheets/pygment_trac.css', 438, 420 ]
47 silly gunzTarPerm extractEntry stylesheets/stylesheet.css
48 silly gunzTarPerm modified mode [ 'stylesheets/stylesheet.css', 438, 420 ]
49 verbose read json /var/folders/ch/wckmvk8s3fg32hp4ww814k0w0000gn/T/npm-3200/1358016791273-0.907300605205819/package/package.json
50 silly lockFile 9a956531-791273-0-907300605205819-package /var/folders/ch/wckmvk8s3fg32hp4ww814k0w0000gn/T/npm-3200/1358016791273-0.907300605205819/package
51 verbose from cache /var/folders/ch/wckmvk8s3fg32hp4ww814k0w0000gn/T/npm-3200/1358016791273-0.907300605205819/package/package.json
52 verbose tar pack [ '/Users/raganwald/.npm/allong.es/0.0.1/package.tgz',
52 verbose tar pack   '/var/folders/ch/wckmvk8s3fg32hp4ww814k0w0000gn/T/npm-3200/1358016791273-0.907300605205819/package' ]
53 verbose tarball /Users/raganwald/.npm/allong.es/0.0.1/package.tgz
54 verbose folder /var/folders/ch/wckmvk8s3fg32hp4ww814k0w0000gn/T/npm-3200/1358016791273-0.907300605205819/package
55 silly lockFile 43893842--npm-allong-es-0-0-1-package-tgz /Users/raganwald/.npm/allong.es/0.0.1/package.tgz
56 verbose lock /Users/raganwald/.npm/allong.es/0.0.1/package.tgz /Users/raganwald/.npm/43893842--npm-allong-es-0-0-1-package-tgz.lock
57 silly lockFile 43893842--npm-allong-es-0-0-1-package-tgz /Users/raganwald/.npm/allong.es/0.0.1/package.tgz
58 silly lockFile 649d3fdf-wald-npm-allong-es-0-0-1-package /Users/raganwald/.npm/allong.es/0.0.1/package
59 verbose lock /Users/raganwald/.npm/allong.es/0.0.1/package /Users/raganwald/.npm/649d3fdf-wald-npm-allong-es-0-0-1-package.lock
60 silly lockFile 649d3fdf-wald-npm-allong-es-0-0-1-package /Users/raganwald/.npm/allong.es/0.0.1/package
61 verbose tar unpack /Users/raganwald/.npm/allong.es/0.0.1/package.tgz
62 silly lockFile 649d3fdf-wald-npm-allong-es-0-0-1-package /Users/raganwald/.npm/allong.es/0.0.1/package
63 verbose lock /Users/raganwald/.npm/allong.es/0.0.1/package /Users/raganwald/.npm/649d3fdf-wald-npm-allong-es-0-0-1-package.lock
64 silly gunzTarPerm modes [ '755', '644' ]
65 silly gunzTarPerm extractEntry package.json
66 silly gunzTarPerm extractEntry CNAME
67 silly gunzTarPerm extractEntry essays/combinators_1.md
68 silly gunzTarPerm extractEntry essays/combinators_2.md
69 silly gunzTarPerm extractEntry essays/end_of_days_ellipses.md
70 silly gunzTarPerm extractEntry essays/practical-applications-of-partial-application.md
71 silly gunzTarPerm extractEntry essays/TODO.md
72 silly gunzTarPerm extractEntry images/bkg.png
73 silly gunzTarPerm extractEntry images/blacktocat.png
74 silly gunzTarPerm extractEntry index.html
75 silly gunzTarPerm extractEntry js/jquery-1.8.3.min.js
76 silly gunzTarPerm extractEntry js/repo.min.js
77 silly gunzTarPerm extractEntry lib/allong.es.js
78 silly gunzTarPerm extractEntry params.json
79 silly gunzTarPerm extractEntry readme.md
80 silly gunzTarPerm extractEntry stylesheets/pygment_trac.css
81 silly gunzTarPerm extractEntry stylesheets/stylesheet.css
82 verbose read json /Users/raganwald/.npm/allong.es/0.0.1/package/package.json
83 silly lockFile 649d3fdf-wald-npm-allong-es-0-0-1-package /Users/raganwald/.npm/allong.es/0.0.1/package
84 silly shasum updated bytes 40960
85 silly shasum updated bytes 32007
86 info shasum 2e96c01ef76a2455b59a3ef29f8dcb347758ab2b
86 info shasum /Users/raganwald/.npm/allong.es/0.0.1/package.tgz
87 verbose from cache /Users/raganwald/.npm/allong.es/0.0.1/package/package.json
88 verbose chmod /Users/raganwald/.npm/allong.es/0.0.1/package.tgz 644
89 verbose chown /Users/raganwald/.npm/allong.es/0.0.1/package.tgz [ 501, 20 ]
90 silly lockFile 3a52ce78- .
91 silly publish { author:
91 silly publish    { name: 'Reg Braithwaite',
91 silly publish      email: 'raganwald@gmail.com',
91 silly publish      url: 'http://braythwayt.com' },
91 silly publish   name: 'allong.es',
91 silly publish   description: 'Combinators and Function Decorators',
91 silly publish   version: '0.0.1',
91 silly publish   homepage: 'http://allong.es',
91 silly publish   repository:
91 silly publish    { type: 'git',
91 silly publish      url: 'git://github.com/allong-es/allong-es.github.com.git' },
91 silly publish   main: 'lib/allong.es.js',
91 silly publish   scripts: { test: 'jasmine-node --coffee --verbose spec' },
91 silly publish   engines: { node: '' },
91 silly publish   dependencies: {},
91 silly publish   devDependencies: {},
91 silly publish   readme: 'You really should be looking at the [oscin.es home page](http://oscin.es). Or the [source code](https://github.com/oscin-es/oscin-es.github.com/blob/master/lib/oscin.es.js).',
91 silly publish   readmeFilename: 'readme.md',
91 silly publish   _id: 'allong.es@0.0.1',
91 silly publish   dist: { shasum: '2e96c01ef76a2455b59a3ef29f8dcb347758ab2b' } }
92 error need auth auth and email required for publishing
92 error need auth You need to authorize this machine using `npm adduser`
93 error System Darwin 12.2.1
94 error command "node" "/usr/local/bin/npm" "publish"
95 error cwd /Users/raganwald/Dropbox/sites/allong-es.github.com
96 error node -v v0.8.14
97 error npm -v 1.1.65
98 error code ENEEDAUTH
99 verbose exit [ 1, true ]
